# JRE version: Java(TM) SE Runtime Environment (8.0_102-b14) (build 1.8.0_102-b14)
# Java VM: Java HotSpot(TM) 64-Bit Server VM (25.102-b14 mixed mode windows-amd64 compressed oops)
Heap:
 PSYoungGen      total 145920K, used 131938K [0x00000000d5e00000, 0x00000000e2500000, 0x0000000100000000)
  eden space 136192K, 96% used [0x00000000d5e00000,0x00000000dded8b78,0x00000000de300000)
  from space 9728K, 0% used [0x00000000de300000,0x00000000de300000,0x00000000dec80000)
  to   space 9728K, 0% used [0x00000000e1b80000,0x00000000e1b80000,0x00000000e2500000)
 ParOldGen       total 86528K, used 15919K [0x0000000081a00000, 0x0000000086e80000, 0x00000000d5e00000)
  object space 86528K, 18% used [0x0000000081a00000,0x000000008298be18,0x0000000086e80000)
 Metaspace       used 40076K, capacity 42720K, committed 42880K, reserved 1085440K
  class space    used 5508K, capacity 5985K, committed 6016K, reserved 1048576K
GC Heap History (10 events):
Event: 6.821 GC heap before
{Heap before GC invocations=11 (full 1):
 PSYoungGen      total 105472K, used 5408K [0x00000000d5e00000, 0x00000000dcc00000, 0x0000000100000000)
  eden space 99840K, 0% used [0x00000000d5e00000,0x00000000d5e00000,0x00000000dbf80000)
  from space 5632K, 96% used [0x00000000dc580000,0x00000000dcac8010,0x00000000dcb00000)
  to   space 6144K, 0% used [0x00000000dbf80000,0x00000000dbf80000,0x00000000dc580000)
 ParOldGen       total 87552K, used 5430K [0x0000000081a00000, 0x0000000086f80000, 0x00000000d5e00000)
  object space 87552K, 6% used [0x0000000081a00000,0x0000000081f4dba8,0x0000000086f80000)
 Metaspace       used 20520K, capacity 21186K, committed 21296K, reserved 1067008K
  class space    used 2695K, capacity 2884K, committed 2944K, reserved 1048576K
Event: 6.889 GC heap after
Heap after GC invocations=11 (full 1):
 PSYoungGen      total 105472K, used 0K [0x00000000d5e00000, 0x00000000dcc00000, 0x0000000100000000)
  eden space 99840K, 0% used [0x00000000d5e00000,0x00000000d5e00000,0x00000000dbf80000)
  from space 5632K, 0% used [0x00000000dc580000,0x00000000dc580000,0x00000000dcb00000)
  to   space 6144K, 0% used [0x00000000dbf80000,0x00000000dbf80000,0x00000000dc580000)
 ParOldGen       total 54784K, used 8347K [0x0000000081a00000, 0x0000000084f80000, 0x00000000d5e00000)
  object space 54784K, 15% used [0x0000000081a00000,0x0000000082226c70,0x0000000084f80000)
 Metaspace       used 20518K, capacity 21180K, committed 21296K, reserved 1067008K
  class space    used 2694K, capacity 2883K, committed 2944K, reserved 1048576K
}
Event: 7.911 GC heap before
{Heap before GC invocations=12 (full 1):
 PSYoungGen      total 105472K, used 99840K [0x00000000d5e00000, 0x00000000dcc00000, 0x0000000100000000)
  eden space 99840K, 100% used [0x00000000d5e00000,0x00000000dbf80000,0x00000000dbf80000)
  from space 5632K, 0% used [0x00000000dc580000,0x00000000dc580000,0x00000000dcb00000)
  to   space 6144K, 0% used [0x00000000dbf80000,0x00000000dbf80000,0x00000000dc580000)
 ParOldGen       total 54784K, used 8347K [0x0000000081a00000, 0x0000000084f80000, 0x00000000d5e00000)
  object space 54784K, 15% used [0x0000000081a00000,0x0000000082226c70,0x0000000084f80000)
 Metaspace       used 24340K, capacity 25296K, committed 25600K, reserved 1071104K
  class space    used 3240K, capacity 3480K, committed 3584K, reserved 1048576K
Event: 7.923 GC heap after
Heap after GC invocations=12 (full 1):
 PSYoungGen      total 105984K, used 6132K [0x00000000d5e00000, 0x00000000df500000, 0x0000000100000000)
  eden space 99840K, 0% used [0x00000000d5e00000,0x00000000d5e00000,0x00000000dbf80000)
  from space 6144K, 99% used [0x00000000dbf80000,0x00000000dc57d348,0x00000000dc580000)
  to   space 7680K, 0% used [0x00000000ded80000,0x00000000ded80000,0x00000000df500000)
 ParOldGen       total 54784K, used 9423K [0x0000000081a00000, 0x0000000084f80000, 0x00000000d5e00000)
  object space 54784K, 17% used [0x0000000081a00000,0x0000000082333e70,0x0000000084f80000)
 Metaspace       used 24340K, capacity 25296K, committed 25600K, reserved 1071104K
  class space    used 3240K, capacity 3480K, committed 3584K, reserved 1048576K
}
Event: 9.394 GC heap before
{Heap before GC invocations=13 (full 1):
 PSYoungGen      total 105984K, used 105972K [0x00000000d5e00000, 0x00000000df500000, 0x0000000100000000)
  eden space 99840K, 100% used [0x00000000d5e00000,0x00000000dbf80000,0x00000000dbf80000)
  from space 6144K, 99% used [0x00000000dbf80000,0x00000000dc57d348,0x00000000dc580000)
  to   space 7680K, 0% used [0x00000000ded80000,0x00000000ded80000,0x00000000df500000)
 ParOldGen       total 54784K, used 9423K [0x0000000081a00000, 0x0000000084f80000, 0x00000000d5e00000)
  object space 54784K, 17% used [0x0000000081a00000,0x0000000082333e70,0x0000000084f80000)
 Metaspace       used 29386K, capacity 30988K, committed 31232K, reserved 1077248K
  class space    used 3964K, capacity 4308K, committed 4352K, reserved 1048576K
Event: 9.402 GC heap after
Heap after GC invocations=13 (full 1):
 PSYoungGen      total 143872K, used 7650K [0x00000000d5e00000, 0x00000000df600000, 0x0000000100000000)
  eden space 136192K, 0% used [0x00000000d5e00000,0x00000000d5e00000,0x00000000de300000)
  from space 7680K, 99% used [0x00000000ded80000,0x00000000df4f8800,0x00000000df500000)
  to   space 9728K, 0% used [0x00000000de300000,0x00000000de300000,0x00000000dec80000)
 ParOldGen       total 54784K, used 12106K [0x0000000081a00000, 0x0000000084f80000, 0x00000000d5e00000)
  object space 54784K, 22% used [0x0000000081a00000,0x00000000825d2b58,0x0000000084f80000)
 Metaspace       used 29386K, capacity 30988K, committed 31232K, reserved 1077248K
  class space    used 3964K, capacity 4308K, committed 4352K, reserved 1048576K
}
Event: 10.114 GC heap before
{Heap before GC invocations=14 (full 1):
 PSYoungGen      total 143872K, used 75903K [0x00000000d5e00000, 0x00000000df600000, 0x0000000100000000)
  eden space 136192K, 50% used [0x00000000d5e00000,0x00000000da0a77b0,0x00000000de300000)
  from space 7680K, 99% used [0x00000000ded80000,0x00000000df4f8800,0x00000000df500000)
  to   space 9728K, 0% used [0x00000000de300000,0x00000000de300000,0x00000000dec80000)
 ParOldGen       total 54784K, used 12106K [0x0000000081a00000, 0x0000000084f80000, 0x00000000d5e00000)
  object space 54784K, 22% used [0x0000000081a00000,0x00000000825d2b58,0x0000000084f80000)
 Metaspace       used 33539K, capacity 35390K, committed 35496K, reserved 1079296K
  class space    used 4542K, capacity 4889K, committed 4992K, reserved 1048576K
Event: 10.121 GC heap after
Heap after GC invocations=14 (full 1):
 PSYoungGen      total 145920K, used 5614K [0x00000000d5e00000, 0x00000000e2500000, 0x0000000100000000)
  eden space 136192K, 0% used [0x00000000d5e00000,0x00000000d5e00000,0x00000000de300000)
  from space 9728K, 57% used [0x00000000de300000,0x00000000de87bb48,0x00000000dec80000)
  to   space 9728K, 0% used [0x00000000e1b80000,0x00000000e1b80000,0x00000000e2500000)
 ParOldGen       total 54784K, used 15404K [0x0000000081a00000, 0x0000000084f80000, 0x00000000d5e00000)
  object space 54784K, 28% used [0x0000000081a00000,0x000000008290b170,0x0000000084f80000)
 Metaspace       used 33539K, capacity 35390K, committed 35496K, reserved 1079296K
  class space    used 4542K, capacity 4889K, committed 4992K, reserved 1048576K
}
Event: 10.121 GC heap before
{Heap before GC invocations=15 (full 2):
 PSYoungGen      total 145920K, used 5614K [0x00000000d5e00000, 0x00000000e2500000, 0x0000000100000000)
  eden space 136192K, 0% used [0x00000000d5e00000,0x00000000d5e00000,0x00000000de300000)
  from space 9728K, 57% used [0x00000000de300000,0x00000000de87bb48,0x00000000dec80000)
  to   space 9728K, 0% used [0x00000000e1b80000,0x00000000e1b80000,0x00000000e2500000)
 ParOldGen       total 54784K, used 15404K [0x0000000081a00000, 0x0000000084f80000, 0x00000000d5e00000)
  object space 54784K, 28% used [0x0000000081a00000,0x000000008290b170,0x0000000084f80000)
 Metaspace       used 33539K, capacity 35390K, committed 35496K, reserved 1079296K
  class space    used 4542K, capacity 4889K, committed 4992K, reserved 1048576K
Event: 10.189 GC heap after
Heap after GC invocations=15 (full 2):
 PSYoungGen      total 145920K, used 0K [0x00000000d5e00000, 0x00000000e2500000, 0x0000000100000000)
  eden space 136192K, 0% used [0x00000000d5e00000,0x00000000d5e00000,0x00000000de300000)
  from space 9728K, 0% used [0x00000000de300000,0x00000000de300000,0x00000000dec80000)
  to   space 9728K, 0% used [0x00000000e1b80000,0x00000000e1b80000,0x00000000e2500000)
 ParOldGen       total 86528K, used 15919K [0x0000000081a00000, 0x0000000086e80000, 0x00000000d5e00000)
  object space 86528K, 18% used [0x0000000081a00000,0x000000008298be18,0x0000000086e80000)
 Metaspace       used 33539K, capacity 35390K, committed 35496K, reserved 1079296K
  class space    used 4542K, capacity 4889K, committed 4992K, reserved 1048576K
}

